2023-01-17 16:37:48,547 INFO o.a.j.u.JMeterUtils: Setting Locale to en_EN
2023-01-17 16:37:48,612 INFO o.a.j.JMeter: Loading user properties from: C:\Users\GunveerSingh\Downloads\apache-jmeter-5.5\apache-jmeter-5.5\bin\user.properties
2023-01-17 16:37:48,613 INFO o.a.j.JMeter: Loading system properties from: C:\Users\GunveerSingh\Downloads\apache-jmeter-5.5\apache-jmeter-5.5\bin\system.properties
2023-01-17 16:37:48,634 INFO o.a.j.JMeter: Copyright (c) 1998-2022 The Apache Software Foundation
2023-01-17 16:37:48,634 INFO o.a.j.JMeter: Version 5.5
2023-01-17 16:37:48,634 INFO o.a.j.JMeter: java.version=11.0.14
2023-01-17 16:37:48,635 INFO o.a.j.JMeter: java.vm.name=Java HotSpot(TM) 64-Bit Server VM
2023-01-17 16:37:48,635 INFO o.a.j.JMeter: os.name=Windows 10
2023-01-17 16:37:48,635 INFO o.a.j.JMeter: os.arch=amd64
2023-01-17 16:37:48,635 INFO o.a.j.JMeter: os.version=10.0
2023-01-17 16:37:48,635 INFO o.a.j.JMeter: file.encoding=Cp1252
2023-01-17 16:37:48,635 INFO o.a.j.JMeter: java.awt.headless=null
2023-01-17 16:37:48,636 INFO o.a.j.JMeter: Max memory     =1073741824
2023-01-17 16:37:48,636 INFO o.a.j.JMeter: Available Processors =4
2023-01-17 16:37:48,661 INFO o.a.j.JMeter: Default Locale=English (EN)
2023-01-17 16:37:48,662 INFO o.a.j.JMeter: JMeter  Locale=English (EN)
2023-01-17 16:37:48,662 INFO o.a.j.JMeter: JMeterHome=C:\Users\GunveerSingh\Downloads\apache-jmeter-5.5\apache-jmeter-5.5
2023-01-17 16:37:48,662 INFO o.a.j.JMeter: user.dir  =C:\Users\GunveerSingh\Desktop\ToolsAPI_
2023-01-17 16:37:48,663 INFO o.a.j.JMeter: PWD       =C:\Users\GunveerSingh\Desktop\ToolsAPI_
2023-01-17 16:37:48,663 INFO o.a.j.JMeter: IP: 10.249.220.62 Name: MSDT011 FullName: MSDT011
2023-01-17 16:37:48,688 INFO o.a.j.JMeter: Loaded icon properties from org/apache/jmeter/images/icon.properties
2023-01-17 16:37:49,461 INFO o.a.j.JMeterGuiLauncher: Setting LAF to: laf:com.sun.java.swing.plaf.windows.WindowsLookAndFeel
2023-01-17 16:37:54,088 WARN o.j.r.PluginManager: Found JAR conflict: C:\Users\GunveerSingh\Downloads\apache-jmeter-5.5\apache-jmeter-5.5\lib\asm-9.3.jar and C:\Users\GunveerSingh\Downloads\apache-jmeter-5.5\apache-jmeter-5.5\lib\asm-1.0.2.jar
2023-01-17 16:37:54,089 WARN o.j.r.PluginManager: Found JAR conflict: C:\Users\GunveerSingh\Downloads\apache-jmeter-5.5\apache-jmeter-5.5\lib\jmeter-plugins-cmn-jmeter-0.7.jar and C:\Users\GunveerSingh\Downloads\apache-jmeter-5.5\apache-jmeter-5.5\lib\jmeter-plugins-cmn-jmeter-0.4.jar
2023-01-17 16:37:54,090 WARN o.j.r.PluginManager: Found JAR conflict: C:\Users\GunveerSingh\Downloads\apache-jmeter-5.5\apache-jmeter-5.5\lib\json-path-2.7.0.jar and C:\Users\GunveerSingh\Downloads\apache-jmeter-5.5\apache-jmeter-5.5\lib\json-path-2.4.0.jar
2023-01-17 16:37:54,090 WARN o.j.r.PluginManager: Found JAR conflict: C:\Users\GunveerSingh\Downloads\apache-jmeter-5.5\apache-jmeter-5.5\lib\json-smart-2.4.8.jar and C:\Users\GunveerSingh\Downloads\apache-jmeter-5.5\apache-jmeter-5.5\lib\json-smart-2.3.jar
2023-01-17 16:37:54,090 WARN o.j.r.PluginManager: Found JAR conflict: C:\Users\GunveerSingh\Downloads\apache-jmeter-5.5\apache-jmeter-5.5\lib\ext\jmeter-plugins-cmn-jmeter-0.4.jar and C:\Users\GunveerSingh\Downloads\apache-jmeter-5.5\apache-jmeter-5.5\lib\jmeter-plugins-cmn-jmeter-0.7.jar
2023-01-17 16:37:54,091 WARN o.j.r.PluginManager: Found JAR conflict: C:\Users\GunveerSingh\Downloads\apache-jmeter-5.5\apache-jmeter-5.5\lib\ext\jmeter-plugins-manager-1.3.jar and C:\Users\GunveerSingh\Downloads\apache-jmeter-5.5\apache-jmeter-5.5\lib\ext\jmeter-plugins-manager-0.20.jar
2023-01-17 16:37:55,753 INFO o.a.j.JMeterGuiLauncher: Loading file: ToolAPIs_.jmx
2023-01-17 16:37:55,762 INFO o.a.j.s.FileServer: Default base='C:\Users\GunveerSingh\Desktop\ToolsAPI_'
2023-01-17 16:37:55,763 INFO o.a.j.s.FileServer: Set new base='C:\Users\GunveerSingh\Desktop\ToolsAPI_'
2023-01-17 16:37:56,415 INFO o.a.j.s.SaveService: Testplan (JMX) version: 2.2. Testlog (JTL) version: 2.2
2023-01-17 16:37:56,437 INFO o.a.j.s.SaveService: Using SaveService properties version 5.0
2023-01-17 16:37:56,440 INFO o.a.j.s.SaveService: Using SaveService properties file encoding UTF-8
2023-01-17 16:37:56,442 INFO o.a.j.s.SaveService: Loading file: ToolAPIs_.jmx
2023-01-17 16:37:56,665 INFO o.a.j.p.h.s.HTTPSamplerBase: Parser for text/html is org.apache.jmeter.protocol.http.parser.LagartoBasedHtmlParser
2023-01-17 16:37:56,665 INFO o.a.j.p.h.s.HTTPSamplerBase: Parser for application/xhtml+xml is org.apache.jmeter.protocol.http.parser.LagartoBasedHtmlParser
2023-01-17 16:37:56,665 INFO o.a.j.p.h.s.HTTPSamplerBase: Parser for application/xml is org.apache.jmeter.protocol.http.parser.LagartoBasedHtmlParser
2023-01-17 16:37:56,665 INFO o.a.j.p.h.s.HTTPSamplerBase: Parser for text/xml is org.apache.jmeter.protocol.http.parser.LagartoBasedHtmlParser
2023-01-17 16:37:56,666 INFO o.a.j.p.h.s.HTTPSamplerBase: Parser for text/vnd.wap.wml is org.apache.jmeter.protocol.http.parser.RegexpHTMLParser
2023-01-17 16:37:56,666 INFO o.a.j.p.h.s.HTTPSamplerBase: Parser for text/css is org.apache.jmeter.protocol.http.parser.CssParser
2023-01-17 16:37:56,965 INFO o.a.j.s.FileServer: Set new base='C:\Users\GunveerSingh\Desktop\ToolsAPI_'
2023-01-17 16:37:57,694 INFO o.a.j.s.SampleResult: Note: Sample TimeStamps are START times
2023-01-17 16:37:57,695 INFO o.a.j.s.SampleResult: sampleresult.default.encoding is set to ISO-8859-1
2023-01-17 16:37:57,695 INFO o.a.j.s.SampleResult: sampleresult.useNanoTime=true
2023-01-17 16:37:57,695 INFO o.a.j.s.SampleResult: sampleresult.nanoThreadSleep=5000
2023-01-17 16:37:58,089 INFO o.a.j.v.ViewResultsFullVisualizer: Add JavaFX to your Java installation if you want to use renderer: org.apache.jmeter.visualizers.RenderInBrowser
2023-01-17 16:37:59,916 INFO o.j.r.PluginManager: Plugins Status: [jpgc-graphs-basic=2.0, jmeter.backendlistener.azure=0.2.8, jpgc-graphs-dist=2.0, jpgc-json=2.7, jpgc-perfmon=2.1, jpgc-plugins-manager=0.20, jmeter-prometheus=0.6.0, jmeter-core=5.5, jmeter-ftp=5.5, jmeter-http=5.5, jmeter-jdbc=5.5, jmeter-jms=5.5, jmeter-junit=5.5, jmeter-java=5.5, jmeter-ldap=5.5, jmeter-mail=5.5, jmeter-mongodb=5.5, jmeter-native=5.5, jmeter-tcp=5.5, jmeter-components=5.5]
2023-01-17 16:37:59,918 INFO o.j.r.PluginManagerMenuItem: Plugins Manager has upgrades: [jpgc-plugins-manager]
2023-01-17 16:38:13,407 INFO o.a.j.e.StandardJMeterEngine: Running the test!
2023-01-17 16:38:13,408 INFO o.a.j.s.SampleEvent: List of sample_variables: []
2023-01-17 16:38:13,408 INFO o.a.j.s.SampleEvent: List of sample_variables: []
2023-01-17 16:38:13,410 INFO o.a.j.e.u.CompoundVariable: Note: Function class names must contain the string: '.functions.'
2023-01-17 16:38:13,411 INFO o.a.j.e.u.CompoundVariable: Note: Function class names must not contain the string: '.gui.'
2023-01-17 16:38:13,936 INFO o.a.j.g.u.JMeterMenuBar: setRunning(true, *local*)
2023-01-17 16:38:13,996 INFO o.a.j.e.StandardJMeterEngine: Starting ThreadGroup: 1 : Token
2023-01-17 16:38:13,996 INFO o.a.j.e.StandardJMeterEngine: Starting 1 threads for group Token.
2023-01-17 16:38:13,996 INFO o.a.j.e.StandardJMeterEngine: Thread will continue on error
2023-01-17 16:38:13,996 INFO o.a.j.t.ThreadGroup: Starting thread group... number=1 threads=1 ramp-up=1 delayedStart=false
2023-01-17 16:38:14,006 INFO o.a.j.t.ThreadGroup: Started thread group number 1
2023-01-17 16:38:14,006 INFO o.a.j.e.StandardJMeterEngine: Starting ThreadGroup: 2 : Tools API's
2023-01-17 16:38:14,006 INFO o.a.j.e.StandardJMeterEngine: Starting 1 threads for group Tools API's.
2023-01-17 16:38:14,006 INFO o.a.j.e.StandardJMeterEngine: Thread will continue on error
2023-01-17 16:38:14,006 INFO o.a.j.t.ThreadGroup: Starting thread group... number=2 threads=1 ramp-up=1 delayedStart=false
2023-01-17 16:38:14,014 INFO o.a.j.t.ThreadGroup: Started thread group number 2
2023-01-17 16:38:14,014 INFO o.a.j.e.StandardJMeterEngine: All thread groups have been started
2023-01-17 16:38:14,018 INFO o.a.j.t.JMeterThread: Thread started: Tools API's 2-1
2023-01-17 16:38:14,018 INFO o.a.j.t.JMeterThread: Thread started: Token 1-1
2023-01-17 16:38:14,022 INFO o.a.j.s.FileServer: Stored: .\pharm.csv
2023-01-17 16:38:14,058 INFO o.a.j.p.h.s.HTTPHCAbstractImpl: Local host = MSDT011
2023-01-17 16:38:14,070 INFO o.a.j.p.h.s.HTTPHC4Impl: HTTP request retry count = 0
2023-01-17 16:38:14,094 INFO o.a.j.u.BeanShellTestElement: 


***************run time token is  null
2023-01-17 16:38:14,094 INFO o.a.j.u.BeanShellTestElement: 


***************Bearer token is  Bearernull
2023-01-17 16:38:14,974 INFO o.a.j.u.BeanShellTestElement: 


***************run time token is  null
2023-01-17 16:38:14,975 INFO o.a.j.u.BeanShellTestElement: 


***************Bearer token is  Bearernull
2023-01-17 16:38:15,016 INFO o.a.j.t.JMeterThread: Thread is done: Token 1-1
2023-01-17 16:38:15,017 INFO o.a.j.t.JMeterThread: Thread finished: Token 1-1
2023-01-17 16:38:15,238 INFO o.a.j.u.BeanShellTestElement: 


***************run time token is   v9fpmVVIXk-em9xQOnK5iw
2023-01-17 16:38:15,238 INFO o.a.j.u.BeanShellTestElement: 


***************Bearer token is  Bearer v9fpmVVIXk-em9xQOnK5iw
2023-01-17 16:38:15,751 INFO o.a.j.u.BeanShellTestElement: 


***************run time token is   v9fpmVVIXk-em9xQOnK5iw
2023-01-17 16:38:15,751 INFO o.a.j.u.BeanShellTestElement: 


***************Bearer token is  Bearer v9fpmVVIXk-em9xQOnK5iw
2023-01-17 16:38:16,182 INFO o.a.j.t.JMeterThread: Thread is done: Tools API's 2-1
2023-01-17 16:38:16,182 INFO o.a.j.t.JMeterThread: Thread finished: Tools API's 2-1
2023-01-17 16:38:16,182 INFO o.a.j.e.StandardJMeterEngine: Notifying test listeners of end of test
2023-01-17 16:38:16,183 INFO o.a.j.s.FileServer: Close: .\pharm.csv
2023-01-17 16:38:16,185 INFO o.a.j.g.u.JMeterMenuBar: setRunning(false, *local*)
2023-01-17 16:38:32,879 INFO o.a.j.e.StandardJMeterEngine: Running the test!
2023-01-17 16:38:32,880 INFO o.a.j.s.SampleEvent: List of sample_variables: []
2023-01-17 16:38:32,882 INFO o.a.j.g.u.JMeterMenuBar: setRunning(true, *local*)
2023-01-17 16:38:32,955 INFO o.a.j.e.StandardJMeterEngine: Starting ThreadGroup: 1 : Token
2023-01-17 16:38:32,956 INFO o.a.j.e.StandardJMeterEngine: Starting 1 threads for group Token.
2023-01-17 16:38:32,956 INFO o.a.j.e.StandardJMeterEngine: Thread will continue on error
2023-01-17 16:38:32,956 INFO o.a.j.t.ThreadGroup: Starting thread group... number=1 threads=1 ramp-up=1 delayedStart=false
2023-01-17 16:38:32,966 INFO o.a.j.t.ThreadGroup: Started thread group number 1
2023-01-17 16:38:32,966 INFO o.a.j.e.StandardJMeterEngine: Starting ThreadGroup: 2 : Tools API's
2023-01-17 16:38:32,966 INFO o.a.j.e.StandardJMeterEngine: Starting 1 threads for group Tools API's.
2023-01-17 16:38:32,966 INFO o.a.j.e.StandardJMeterEngine: Thread will continue on error
2023-01-17 16:38:32,966 INFO o.a.j.t.ThreadGroup: Starting thread group... number=2 threads=1 ramp-up=1 delayedStart=false
2023-01-17 16:38:32,975 INFO o.a.j.t.ThreadGroup: Started thread group number 2
2023-01-17 16:38:32,975 INFO o.a.j.e.StandardJMeterEngine: All thread groups have been started
2023-01-17 16:38:32,976 INFO o.a.j.t.JMeterThread: Thread started: Token 1-1
2023-01-17 16:38:32,984 INFO o.a.j.t.JMeterThread: Thread started: Tools API's 2-1
2023-01-17 16:38:32,985 INFO o.a.j.s.FileServer: Stored: .\pharm.csv
2023-01-17 16:38:32,987 INFO o.a.j.u.BeanShellTestElement: 


***************run time token is   v9fpmVVIXk-em9xQOnK5iw
2023-01-17 16:38:32,990 INFO o.a.j.u.BeanShellTestElement: 


***************Bearer token is  Bearer v9fpmVVIXk-em9xQOnK5iw
2023-01-17 16:38:33,484 INFO o.a.j.t.JMeterThread: Thread is done: Token 1-1
2023-01-17 16:38:33,484 INFO o.a.j.t.JMeterThread: Thread finished: Token 1-1
2023-01-17 16:38:34,958 INFO o.a.j.u.BeanShellTestElement: 


***************run time token is   Syvb0Iel3E-emh4XPLshew
2023-01-17 16:38:34,959 INFO o.a.j.u.BeanShellTestElement: 


***************Bearer token is  Bearer Syvb0Iel3E-emh4XPLshew
2023-01-17 16:38:35,303 INFO o.a.j.u.BeanShellTestElement: 


***************run time token is   Syvb0Iel3E-emh4XPLshew
2023-01-17 16:38:35,303 INFO o.a.j.u.BeanShellTestElement: 


***************Bearer token is  Bearer Syvb0Iel3E-emh4XPLshew
2023-01-17 16:38:35,661 INFO o.a.j.u.BeanShellTestElement: 


***************run time token is   Syvb0Iel3E-emh4XPLshew
2023-01-17 16:38:35,662 INFO o.a.j.u.BeanShellTestElement: 


***************Bearer token is  Bearer Syvb0Iel3E-emh4XPLshew
2023-01-17 16:38:36,013 INFO o.a.j.t.JMeterThread: Thread is done: Tools API's 2-1
2023-01-17 16:38:36,014 INFO o.a.j.t.JMeterThread: Thread finished: Tools API's 2-1
2023-01-17 16:38:36,014 INFO o.a.j.e.StandardJMeterEngine: Notifying test listeners of end of test
2023-01-17 16:38:36,014 INFO o.a.j.s.FileServer: Close: .\pharm.csv
2023-01-17 16:38:36,015 INFO o.a.j.g.u.JMeterMenuBar: setRunning(false, *local*)
2023-01-17 17:04:16,991 INFO o.a.j.e.StandardJMeterEngine: Running the test!
2023-01-17 17:04:16,991 INFO o.a.j.s.SampleEvent: List of sample_variables: []
2023-01-17 17:04:16,993 INFO o.a.j.g.u.JMeterMenuBar: setRunning(true, *local*)
2023-01-17 17:04:17,063 INFO o.a.j.e.StandardJMeterEngine: Starting ThreadGroup: 1 : Token
2023-01-17 17:04:17,063 INFO o.a.j.e.StandardJMeterEngine: Starting 1 threads for group Token.
2023-01-17 17:04:17,063 INFO o.a.j.e.StandardJMeterEngine: Thread will continue on error
2023-01-17 17:04:17,063 INFO o.a.j.t.ThreadGroup: Starting thread group... number=1 threads=1 ramp-up=1 delayedStart=false
2023-01-17 17:04:17,071 INFO o.a.j.t.ThreadGroup: Started thread group number 1
2023-01-17 17:04:17,072 INFO o.a.j.e.StandardJMeterEngine: Starting ThreadGroup: 2 : Tools API's
2023-01-17 17:04:17,073 INFO o.a.j.e.StandardJMeterEngine: Starting 1 threads for group Tools API's.
2023-01-17 17:04:17,073 INFO o.a.j.e.StandardJMeterEngine: Thread will continue on error
2023-01-17 17:04:17,073 INFO o.a.j.t.ThreadGroup: Starting thread group... number=2 threads=1 ramp-up=1 delayedStart=false
2023-01-17 17:04:17,075 INFO o.a.j.t.JMeterThread: Thread started: Token 1-1
2023-01-17 17:04:17,095 INFO o.a.j.t.ThreadGroup: Started thread group number 2
2023-01-17 17:04:17,095 INFO o.a.j.e.StandardJMeterEngine: All thread groups have been started
2023-01-17 17:04:17,096 INFO o.a.j.t.JMeterThread: Thread started: Tools API's 2-1
2023-01-17 17:04:17,096 INFO o.a.j.s.FileServer: Stored: .\pharm.csv
2023-01-17 17:04:17,099 INFO o.a.j.u.BeanShellTestElement: 


***************run time token is   Syvb0Iel3E-emh4XPLshew
2023-01-17 17:04:17,099 INFO o.a.j.u.BeanShellTestElement: 


***************Bearer token is  Bearer Syvb0Iel3E-emh4XPLshew
2023-01-17 17:04:17,616 INFO o.a.j.t.JMeterThread: Thread is done: Token 1-1
2023-01-17 17:04:17,616 INFO o.a.j.t.JMeterThread: Thread finished: Token 1-1
2023-01-17 17:04:18,787 INFO o.a.j.u.BeanShellTestElement: 


***************run time token is   zwFLz5IfY06-ZBaVal3e1w
2023-01-17 17:04:18,787 INFO o.a.j.u.BeanShellTestElement: 


***************Bearer token is  Bearer zwFLz5IfY06-ZBaVal3e1w
2023-01-17 17:04:19,659 INFO o.a.j.u.BeanShellTestElement: 


***************run time token is   zwFLz5IfY06-ZBaVal3e1w
2023-01-17 17:04:19,660 INFO o.a.j.u.BeanShellTestElement: 


***************Bearer token is  Bearer zwFLz5IfY06-ZBaVal3e1w
2023-01-17 17:04:20,003 INFO o.a.j.u.BeanShellTestElement: 


***************run time token is   zwFLz5IfY06-ZBaVal3e1w
2023-01-17 17:04:20,004 INFO o.a.j.u.BeanShellTestElement: 


***************Bearer token is  Bearer zwFLz5IfY06-ZBaVal3e1w
2023-01-17 17:04:28,140 INFO o.a.j.t.JMeterThread: Thread is done: Tools API's 2-1
2023-01-17 17:04:28,141 INFO o.a.j.t.JMeterThread: Thread finished: Tools API's 2-1
2023-01-17 17:04:28,141 INFO o.a.j.e.StandardJMeterEngine: Notifying test listeners of end of test
2023-01-17 17:04:28,142 INFO o.a.j.s.FileServer: Close: .\pharm.csv
2023-01-17 17:04:28,143 INFO o.a.j.g.u.JMeterMenuBar: setRunning(false, *local*)
2023-01-17 17:04:34,304 INFO o.a.j.e.StandardJMeterEngine: Running the test!
2023-01-17 17:04:34,305 INFO o.a.j.s.SampleEvent: List of sample_variables: []
2023-01-17 17:04:34,307 INFO o.a.j.g.u.JMeterMenuBar: setRunning(true, *local*)
2023-01-17 17:04:34,313 INFO o.a.j.e.StandardJMeterEngine: Starting ThreadGroup: 1 : Token
2023-01-17 17:04:34,313 INFO o.a.j.e.StandardJMeterEngine: Starting 1 threads for group Token.
2023-01-17 17:04:34,313 INFO o.a.j.e.StandardJMeterEngine: Thread will continue on error
2023-01-17 17:04:34,314 INFO o.a.j.t.ThreadGroup: Starting thread group... number=1 threads=1 ramp-up=1 delayedStart=false
2023-01-17 17:04:34,321 INFO o.a.j.t.ThreadGroup: Started thread group number 1
2023-01-17 17:04:34,321 INFO o.a.j.e.StandardJMeterEngine: Starting ThreadGroup: 2 : Tools API's
2023-01-17 17:04:34,321 INFO o.a.j.e.StandardJMeterEngine: Starting 1 threads for group Tools API's.
2023-01-17 17:04:34,321 INFO o.a.j.e.StandardJMeterEngine: Thread will continue on error
2023-01-17 17:04:34,321 INFO o.a.j.t.ThreadGroup: Starting thread group... number=2 threads=1 ramp-up=1 delayedStart=false
2023-01-17 17:04:34,323 INFO o.a.j.t.JMeterThread: Thread started: Token 1-1
2023-01-17 17:04:34,339 INFO o.a.j.t.ThreadGroup: Started thread group number 2
2023-01-17 17:04:34,339 INFO o.a.j.e.StandardJMeterEngine: All thread groups have been started
2023-01-17 17:04:34,340 INFO o.a.j.t.JMeterThread: Thread started: Tools API's 2-1
2023-01-17 17:04:34,341 INFO o.a.j.s.FileServer: Stored: .\pharm.csv
2023-01-17 17:04:34,343 INFO o.a.j.u.BeanShellTestElement: 


***************run time token is   zwFLz5IfY06-ZBaVal3e1w
2023-01-17 17:04:34,344 INFO o.a.j.u.BeanShellTestElement: 


***************Bearer token is  Bearer zwFLz5IfY06-ZBaVal3e1w
2023-01-17 17:04:34,855 INFO o.a.j.t.JMeterThread: Thread is done: Token 1-1
2023-01-17 17:04:34,855 INFO o.a.j.t.JMeterThread: Thread finished: Token 1-1
2023-01-17 17:04:35,831 INFO o.a.j.u.BeanShellTestElement: 


***************run time token is   45ejASyA-UCWiGINvxl_pw
2023-01-17 17:04:35,831 INFO o.a.j.u.BeanShellTestElement: 


***************Bearer token is  Bearer 45ejASyA-UCWiGINvxl_pw
2023-01-17 17:04:36,173 INFO o.a.j.u.BeanShellTestElement: 


***************run time token is   45ejASyA-UCWiGINvxl_pw
2023-01-17 17:04:36,173 INFO o.a.j.u.BeanShellTestElement: 


***************Bearer token is  Bearer 45ejASyA-UCWiGINvxl_pw
2023-01-17 17:04:36,542 INFO o.a.j.u.BeanShellTestElement: 


***************run time token is   45ejASyA-UCWiGINvxl_pw
2023-01-17 17:04:36,542 INFO o.a.j.u.BeanShellTestElement: 


***************Bearer token is  Bearer 45ejASyA-UCWiGINvxl_pw
2023-01-17 17:04:43,951 INFO o.a.j.t.JMeterThread: Thread is done: Tools API's 2-1
2023-01-17 17:04:43,952 INFO o.a.j.t.JMeterThread: Thread finished: Tools API's 2-1
2023-01-17 17:04:43,952 INFO o.a.j.e.StandardJMeterEngine: Notifying test listeners of end of test
2023-01-17 17:04:43,952 INFO o.a.j.s.FileServer: Close: .\pharm.csv
2023-01-17 17:04:43,953 INFO o.a.j.g.u.JMeterMenuBar: setRunning(false, *local*)
2023-01-17 17:06:11,115 INFO o.a.j.e.StandardJMeterEngine: Running the test!
2023-01-17 17:06:11,116 INFO o.a.j.s.SampleEvent: List of sample_variables: []
2023-01-17 17:06:11,121 INFO o.a.j.g.u.JMeterMenuBar: setRunning(true, *local*)
2023-01-17 17:06:11,203 INFO o.a.j.e.StandardJMeterEngine: Starting ThreadGroup: 1 : Token
2023-01-17 17:06:11,203 INFO o.a.j.e.StandardJMeterEngine: Starting 1 threads for group Token.
2023-01-17 17:06:11,204 INFO o.a.j.e.StandardJMeterEngine: Thread will continue on error
2023-01-17 17:06:11,205 INFO o.a.j.t.ThreadGroup: Starting thread group... number=1 threads=1 ramp-up=1 delayedStart=false
2023-01-17 17:06:11,214 INFO o.a.j.t.ThreadGroup: Started thread group number 1
2023-01-17 17:06:11,214 INFO o.a.j.e.StandardJMeterEngine: Starting ThreadGroup: 2 : Tools API's
2023-01-17 17:06:11,214 INFO o.a.j.e.StandardJMeterEngine: Starting 1 threads for group Tools API's.
2023-01-17 17:06:11,215 INFO o.a.j.e.StandardJMeterEngine: Thread will continue on error
2023-01-17 17:06:11,215 INFO o.a.j.t.ThreadGroup: Starting thread group... number=2 threads=1 ramp-up=1 delayedStart=false
2023-01-17 17:06:11,255 INFO o.a.j.t.JMeterThread: Thread started: Token 1-1
2023-01-17 17:06:11,260 INFO o.a.j.t.ThreadGroup: Started thread group number 2
2023-01-17 17:06:11,261 INFO o.a.j.e.StandardJMeterEngine: All thread groups have been started
2023-01-17 17:06:11,264 INFO o.a.j.t.JMeterThread: Thread started: Tools API's 2-1
2023-01-17 17:06:11,795 INFO o.a.j.t.JMeterThread: Thread is done: Token 1-1
2023-01-17 17:06:11,795 INFO o.a.j.t.JMeterThread: Thread finished: Token 1-1
2023-01-17 17:06:17,306 INFO o.a.j.s.FileServer: Stored: .\pharm.csv
2023-01-17 17:06:17,307 INFO o.a.j.u.BeanShellTestElement: 


***************run time token is   wdLeos9yWEGLSl0SkAr0QQ
2023-01-17 17:06:17,308 INFO o.a.j.u.BeanShellTestElement: 


***************Bearer token is  Bearer wdLeos9yWEGLSl0SkAr0QQ
2023-01-17 17:06:20,622 INFO o.a.j.u.BeanShellTestElement: 


***************run time token is   wdLeos9yWEGLSl0SkAr0QQ
2023-01-17 17:06:20,623 INFO o.a.j.u.BeanShellTestElement: 


***************Bearer token is  Bearer wdLeos9yWEGLSl0SkAr0QQ
2023-01-17 17:06:20,977 INFO o.a.j.u.BeanShellTestElement: 


***************run time token is   wdLeos9yWEGLSl0SkAr0QQ
2023-01-17 17:06:20,978 INFO o.a.j.u.BeanShellTestElement: 


***************Bearer token is  Bearer wdLeos9yWEGLSl0SkAr0QQ
2023-01-17 17:06:21,320 INFO o.a.j.u.BeanShellTestElement: 


***************run time token is   wdLeos9yWEGLSl0SkAr0QQ
2023-01-17 17:06:21,320 INFO o.a.j.u.BeanShellTestElement: 


***************Bearer token is  Bearer wdLeos9yWEGLSl0SkAr0QQ
2023-01-17 17:06:39,662 INFO o.a.j.p.h.s.h.LazyLayeredConnectionSocketFactory: Setting up HTTPS TrustAll Socket Factory
2023-01-17 17:06:39,682 INFO o.a.j.u.JsseSSLManager: Using default SSL protocol: TLS
2023-01-17 17:06:39,682 INFO o.a.j.u.JsseSSLManager: SSL session context: per-thread
2023-01-17 17:06:39,953 INFO o.a.j.u.SSLManager: JmeterKeyStore Location:  type JKS
2023-01-17 17:06:39,954 INFO o.a.j.u.SSLManager: KeyStore created OK
2023-01-17 17:06:39,954 WARN o.a.j.u.SSLManager: Keystore file not found, loading empty keystore
2023-01-17 17:06:46,908 INFO o.a.j.s.FileServer: Stored: .\Plan_Data_v2023 original.csv
2023-01-17 17:07:14,261 INFO o.a.j.s.FileServer: Stored: .\Get_Plan_By_Id(correctData).csv
2023-01-17 17:07:45,414 INFO o.a.j.g.a.Start: Stopping test
2023-01-17 17:07:45,427 INFO o.a.j.t.JMeterThread: Stopping: Tools API's 2-1
2023-01-17 17:07:45,427 WARN o.a.j.t.JMeterThread: Interrupting: Tools API's 2-1 sampler: Get plan details Collection
2023-01-17 17:07:45,465 INFO o.a.j.t.JMeterThread: Thread finished: Tools API's 2-1
2023-01-17 17:07:45,466 INFO o.a.j.e.StandardJMeterEngine: Notifying test listeners of end of test
2023-01-17 17:07:45,466 INFO o.a.j.s.FileServer: Close: .\Plan_Data_v2023 original.csv
2023-01-17 17:07:45,467 INFO o.a.j.s.FileServer: Close: .\pharm.csv
2023-01-17 17:07:45,468 INFO o.a.j.s.FileServer: Close: .\Get_Plan_By_Id(correctData).csv
2023-01-17 17:07:45,468 INFO o.a.j.g.u.JMeterMenuBar: setRunning(false, *local*)
2023-01-17 17:07:54,932 INFO o.a.j.e.StandardJMeterEngine: Running the test!
2023-01-17 17:07:54,933 INFO o.a.j.s.SampleEvent: List of sample_variables: []
2023-01-17 17:07:54,935 INFO o.a.j.g.u.JMeterMenuBar: setRunning(true, *local*)
2023-01-17 17:07:55,027 INFO o.a.j.e.StandardJMeterEngine: Starting ThreadGroup: 1 : Token
2023-01-17 17:07:55,027 INFO o.a.j.e.StandardJMeterEngine: Starting 1 threads for group Token.
2023-01-17 17:07:55,027 INFO o.a.j.e.StandardJMeterEngine: Thread will continue on error
2023-01-17 17:07:55,027 INFO o.a.j.t.ThreadGroup: Starting thread group... number=1 threads=1 ramp-up=1 delayedStart=false
2023-01-17 17:07:55,034 INFO o.a.j.t.ThreadGroup: Started thread group number 1
2023-01-17 17:07:55,034 INFO o.a.j.e.StandardJMeterEngine: Starting ThreadGroup: 2 : Tools API's
2023-01-17 17:07:55,034 INFO o.a.j.e.StandardJMeterEngine: Starting 1 threads for group Tools API's.
2023-01-17 17:07:55,034 INFO o.a.j.e.StandardJMeterEngine: Thread will continue on error
2023-01-17 17:07:55,034 INFO o.a.j.t.ThreadGroup: Starting thread group... number=2 threads=1 ramp-up=1 delayedStart=false
2023-01-17 17:07:55,034 INFO o.a.j.t.JMeterThread: Thread started: Token 1-1
2023-01-17 17:07:55,058 INFO o.a.j.t.ThreadGroup: Started thread group number 2
2023-01-17 17:07:55,058 INFO o.a.j.e.StandardJMeterEngine: All thread groups have been started
2023-01-17 17:07:55,063 INFO o.a.j.t.JMeterThread: Thread started: Tools API's 2-1
2023-01-17 17:07:55,555 INFO o.a.j.t.JMeterThread: Thread is done: Token 1-1
2023-01-17 17:07:55,555 INFO o.a.j.t.JMeterThread: Thread finished: Token 1-1
2023-01-17 17:07:59,152 INFO o.a.j.s.FileServer: Stored: .\pharm.csv
2023-01-17 17:07:59,154 INFO o.a.j.u.BeanShellTestElement: 


***************run time token is   Rdgv-yX7Fk-sTaGmaeuEVg
2023-01-17 17:07:59,154 INFO o.a.j.u.BeanShellTestElement: 


***************Bearer token is  Bearer Rdgv-yX7Fk-sTaGmaeuEVg
2023-01-17 17:08:00,392 INFO o.a.j.u.BeanShellTestElement: 


***************run time token is   Rdgv-yX7Fk-sTaGmaeuEVg
2023-01-17 17:08:00,393 INFO o.a.j.u.BeanShellTestElement: 


***************Bearer token is  Bearer Rdgv-yX7Fk-sTaGmaeuEVg
2023-01-17 17:08:00,740 INFO o.a.j.u.BeanShellTestElement: 


***************run time token is   Rdgv-yX7Fk-sTaGmaeuEVg
2023-01-17 17:08:00,740 INFO o.a.j.u.BeanShellTestElement: 


***************Bearer token is  Bearer Rdgv-yX7Fk-sTaGmaeuEVg
2023-01-17 17:08:01,094 INFO o.a.j.u.BeanShellTestElement: 


***************run time token is   Rdgv-yX7Fk-sTaGmaeuEVg
2023-01-17 17:08:01,094 INFO o.a.j.u.BeanShellTestElement: 


***************Bearer token is  Bearer Rdgv-yX7Fk-sTaGmaeuEVg
2023-01-17 17:08:09,260 INFO o.a.j.t.JMeterThread: Thread is done: Tools API's 2-1
2023-01-17 17:08:09,260 INFO o.a.j.t.JMeterThread: Thread finished: Tools API's 2-1
2023-01-17 17:08:09,260 INFO o.a.j.e.StandardJMeterEngine: Notifying test listeners of end of test
2023-01-17 17:08:09,261 INFO o.a.j.s.FileServer: Close: .\pharm.csv
2023-01-17 17:08:09,262 INFO o.a.j.g.u.JMeterMenuBar: setRunning(false, *local*)
2023-01-17 17:08:34,675 INFO o.a.j.e.StandardJMeterEngine: Running the test!
2023-01-17 17:08:34,675 INFO o.a.j.s.SampleEvent: List of sample_variables: []
2023-01-17 17:08:34,679 INFO o.a.j.g.u.JMeterMenuBar: setRunning(true, *local*)
2023-01-17 17:08:34,742 INFO o.a.j.e.StandardJMeterEngine: Starting ThreadGroup: 1 : Token
2023-01-17 17:08:34,742 INFO o.a.j.e.StandardJMeterEngine: Starting 1 threads for group Token.
2023-01-17 17:08:34,742 INFO o.a.j.e.StandardJMeterEngine: Thread will continue on error
2023-01-17 17:08:34,742 INFO o.a.j.t.ThreadGroup: Starting thread group... number=1 threads=1 ramp-up=1 delayedStart=false
2023-01-17 17:08:34,752 INFO o.a.j.t.ThreadGroup: Started thread group number 1
2023-01-17 17:08:34,752 INFO o.a.j.e.StandardJMeterEngine: Starting ThreadGroup: 2 : Tools API's
2023-01-17 17:08:34,752 INFO o.a.j.e.StandardJMeterEngine: Starting 1 threads for group Tools API's.
2023-01-17 17:08:34,752 INFO o.a.j.e.StandardJMeterEngine: Thread will continue on error
2023-01-17 17:08:34,752 INFO o.a.j.t.ThreadGroup: Starting thread group... number=2 threads=1 ramp-up=1 delayedStart=false
2023-01-17 17:08:34,797 INFO o.a.j.t.ThreadGroup: Started thread group number 2
2023-01-17 17:08:34,797 INFO o.a.j.e.StandardJMeterEngine: All thread groups have been started
2023-01-17 17:08:34,798 INFO o.a.j.t.JMeterThread: Thread started: Token 1-1
2023-01-17 17:08:34,804 INFO o.a.j.t.JMeterThread: Thread started: Tools API's 2-1
2023-01-17 17:08:36,327 INFO o.a.j.t.JMeterThread: Thread is done: Token 1-1
2023-01-17 17:08:36,327 INFO o.a.j.t.JMeterThread: Thread finished: Token 1-1
2023-01-17 17:08:40,258 INFO o.a.j.s.FileServer: Stored: .\pharm.csv
2023-01-17 17:08:40,259 INFO o.a.j.u.BeanShellTestElement: 


***************run time token is   Jpx_IwCGi0-1QKfwhm6ZbA
2023-01-17 17:08:40,259 INFO o.a.j.u.BeanShellTestElement: 


***************Bearer token is  Bearer Jpx_IwCGi0-1QKfwhm6ZbA
2023-01-17 17:08:42,224 INFO o.a.j.u.BeanShellTestElement: 


***************run time token is   Jpx_IwCGi0-1QKfwhm6ZbA
2023-01-17 17:08:42,224 INFO o.a.j.u.BeanShellTestElement: 


***************Bearer token is  Bearer Jpx_IwCGi0-1QKfwhm6ZbA
2023-01-17 17:08:42,887 INFO o.a.j.u.BeanShellTestElement: 


***************run time token is   Jpx_IwCGi0-1QKfwhm6ZbA
2023-01-17 17:08:42,887 INFO o.a.j.u.BeanShellTestElement: 


***************Bearer token is  Bearer Jpx_IwCGi0-1QKfwhm6ZbA
2023-01-17 17:08:43,277 INFO o.a.j.u.BeanShellTestElement: 


***************run time token is   Jpx_IwCGi0-1QKfwhm6ZbA
2023-01-17 17:08:43,277 INFO o.a.j.u.BeanShellTestElement: 


***************Bearer token is  Bearer Jpx_IwCGi0-1QKfwhm6ZbA
2023-01-17 17:09:03,342 INFO o.a.j.s.FileServer: Stored: .\Plan_Data_v2023 original.csv
2023-01-17 17:09:16,589 INFO o.a.j.s.FileServer: Stored: .\Get_Plan_By_Id(correctData).csv
2023-01-17 17:09:47,039 INFO o.a.j.s.FileServer: Stored: .\Zip-Fip_NewYear.csv
2023-01-17 17:12:02,792 INFO o.a.j.s.FileServer: Stored: .\radius_01.csv
2023-01-17 17:12:02,793 INFO o.a.j.s.FileServer: Stored: .\Zip-Fip_NewYear.csv Alias: .\Zip-Fip_NewYear.csv@178714185
2023-01-17 17:12:15,404 INFO o.a.j.s.FileServer: Stored: .\DrugData.csv
2023-01-17 17:12:46,565 INFO o.a.j.s.FileServer: Stored: .\drugID_Data.csv
2023-01-17 17:12:53,321 INFO o.a.j.t.JMeterThread: Thread is done: Tools API's 2-1
2023-01-17 17:12:53,321 INFO o.a.j.t.JMeterThread: Thread finished: Tools API's 2-1
2023-01-17 17:12:53,322 INFO o.a.j.e.StandardJMeterEngine: Notifying test listeners of end of test
2023-01-17 17:12:53,322 INFO o.a.j.s.FileServer: Close: .\Plan_Data_v2023 original.csv
2023-01-17 17:12:53,322 INFO o.a.j.s.FileServer: Close: .\Zip-Fip_NewYear.csv@178714185
2023-01-17 17:12:53,323 INFO o.a.j.s.FileServer: Close: .\radius_01.csv
2023-01-17 17:12:53,323 INFO o.a.j.s.FileServer: Close: .\drugID_Data.csv
2023-01-17 17:12:53,323 INFO o.a.j.s.FileServer: Close: .\pharm.csv
2023-01-17 17:12:53,324 INFO o.a.j.s.FileServer: Close: .\Get_Plan_By_Id(correctData).csv
2023-01-17 17:12:53,324 INFO o.a.j.s.FileServer: Close: .\Zip-Fip_NewYear.csv
2023-01-17 17:12:53,324 INFO o.a.j.s.FileServer: Close: .\DrugData.csv
2023-01-17 17:12:53,324 INFO o.a.j.g.u.JMeterMenuBar: setRunning(false, *local*)
